=============================================
Dataset: sleepEDF
Method:  TS-TCC
Mode:    supervised
=============================================
Data loaded ...
Training started ....

Epoch : 1
Train Loss     : 0.7713	 | 	Train Accuracy     : 0.7074
Valid Loss     : 2.3590	 | 	Valid Accuracy     : 0.5795

Epoch : 2
Train Loss     : 0.5505	 | 	Train Accuracy     : 0.7996
Valid Loss     : 1.4090	 | 	Valid Accuracy     : 0.6957

Epoch : 3
Train Loss     : 0.5084	 | 	Train Accuracy     : 0.8152
Valid Loss     : 1.4716	 | 	Valid Accuracy     : 0.6913

Epoch : 4
Train Loss     : 0.4819	 | 	Train Accuracy     : 0.8223
Valid Loss     : 1.2754	 | 	Valid Accuracy     : 0.7372

Epoch : 5
Train Loss     : 0.4578	 | 	Train Accuracy     : 0.8333
Valid Loss     : 0.9784	 | 	Valid Accuracy     : 0.7703

Epoch : 6
Train Loss     : 0.4460	 | 	Train Accuracy     : 0.8342
Valid Loss     : 1.0835	 | 	Valid Accuracy     : 0.7525

Epoch : 7
Train Loss     : 0.4340	 | 	Train Accuracy     : 0.8419
Valid Loss     : 0.9115	 | 	Valid Accuracy     : 0.7734

Epoch : 8
Train Loss     : 0.4067	 | 	Train Accuracy     : 0.8473
Valid Loss     : 0.8844	 | 	Valid Accuracy     : 0.7681

Epoch : 9
Train Loss     : 0.3925	 | 	Train Accuracy     : 0.8541
Valid Loss     : 0.8609	 | 	Valid Accuracy     : 0.7853

Epoch : 10
Train Loss     : 0.3851	 | 	Train Accuracy     : 0.8548
Valid Loss     : 0.9975	 | 	Valid Accuracy     : 0.7835

Epoch : 11
Train Loss     : 0.3709	 | 	Train Accuracy     : 0.8631
Valid Loss     : 0.7061	 | 	Valid Accuracy     : 0.8063

Epoch : 12
Train Loss     : 0.3437	 | 	Train Accuracy     : 0.8715
Valid Loss     : 0.9335	 | 	Valid Accuracy     : 0.7928

Epoch : 13
Train Loss     : 0.3390	 | 	Train Accuracy     : 0.8728
Valid Loss     : 1.1831	 | 	Valid Accuracy     : 0.7138

Epoch : 14
Train Loss     : 0.3236	 | 	Train Accuracy     : 0.8769
Valid Loss     : 0.9424	 | 	Valid Accuracy     : 0.7868

Epoch : 15
Train Loss     : 0.3019	 | 	Train Accuracy     : 0.8879
Valid Loss     : 0.8282	 | 	Valid Accuracy     : 0.8007

Epoch : 16
Train Loss     : 0.2967	 | 	Train Accuracy     : 0.8885
Valid Loss     : 0.9371	 | 	Valid Accuracy     : 0.7640

Epoch : 17
Train Loss     : 0.2692	 | 	Train Accuracy     : 0.8973
Valid Loss     : 1.0364	 | 	Valid Accuracy     : 0.7742

Epoch : 18
Train Loss     : 0.2577	 | 	Train Accuracy     : 0.9056
Valid Loss     : 0.8782	 | 	Valid Accuracy     : 0.8220

Epoch : 19
Train Loss     : 0.2415	 | 	Train Accuracy     : 0.9099
Valid Loss     : 0.8281	 | 	Valid Accuracy     : 0.8062

Epoch : 20
Train Loss     : 0.2511	 | 	Train Accuracy     : 0.9058
Valid Loss     : 0.9918	 | 	Valid Accuracy     : 0.7629

Epoch : 21
Train Loss     : 0.2196	 | 	Train Accuracy     : 0.9192
Valid Loss     : 0.8925	 | 	Valid Accuracy     : 0.8248

Epoch : 22
Train Loss     : 0.2177	 | 	Train Accuracy     : 0.9210
Valid Loss     : 0.8621	 | 	Valid Accuracy     : 0.8154

Epoch : 23
Train Loss     : 0.1604	 | 	Train Accuracy     : 0.9476
Valid Loss     : 0.8638	 | 	Valid Accuracy     : 0.8259

Epoch : 24
Train Loss     : 0.1540	 | 	Train Accuracy     : 0.9495
Valid Loss     : 0.8681	 | 	Valid Accuracy     : 0.8217

Epoch : 25
Train Loss     : 0.1483	 | 	Train Accuracy     : 0.9537
Valid Loss     : 0.8851	 | 	Valid Accuracy     : 0.8196

Epoch : 26
Train Loss     : 0.1435	 | 	Train Accuracy     : 0.9558
Valid Loss     : 0.8897	 | 	Valid Accuracy     : 0.8204

Epoch : 27
Train Loss     : 0.1401	 | 	Train Accuracy     : 0.9581
Valid Loss     : 0.8575	 | 	Valid Accuracy     : 0.8254

Epoch : 28
Train Loss     : 0.1408	 | 	Train Accuracy     : 0.9575
Valid Loss     : 0.8300	 | 	Valid Accuracy     : 0.8188

Epoch : 29
Train Loss     : 0.1393	 | 	Train Accuracy     : 0.9583
Valid Loss     : 0.8441	 | 	Valid Accuracy     : 0.8213

Epoch : 30
Train Loss     : 0.1384	 | 	Train Accuracy     : 0.9570
Valid Loss     : 0.8423	 | 	Valid Accuracy     : 0.8197

Epoch : 31
Train Loss     : 0.1364	 | 	Train Accuracy     : 0.9593
Valid Loss     : 0.8276	 | 	Valid Accuracy     : 0.8178

Epoch : 32
Train Loss     : 0.1340	 | 	Train Accuracy     : 0.9613
Valid Loss     : 0.8664	 | 	Valid Accuracy     : 0.8163

Epoch : 33
Train Loss     : 0.1309	 | 	Train Accuracy     : 0.9622
Valid Loss     : 0.8373	 | 	Valid Accuracy     : 0.8211

Epoch : 34
Train Loss     : 0.1242	 | 	Train Accuracy     : 0.9656
Valid Loss     : 0.8393	 | 	Valid Accuracy     : 0.8203

Epoch : 35
Train Loss     : 0.1256	 | 	Train Accuracy     : 0.9635
Valid Loss     : 0.8531	 | 	Valid Accuracy     : 0.8203

Epoch : 36
Train Loss     : 0.1255	 | 	Train Accuracy     : 0.9656
Valid Loss     : 0.8235	 | 	Valid Accuracy     : 0.8197

Epoch : 37
Train Loss     : 0.1246	 | 	Train Accuracy     : 0.9635
Valid Loss     : 0.8348	 | 	Valid Accuracy     : 0.8198

Epoch : 38
Train Loss     : 0.1222	 | 	Train Accuracy     : 0.9662
Valid Loss     : 0.8273	 | 	Valid Accuracy     : 0.8206

Epoch : 39
Train Loss     : 0.1256	 | 	Train Accuracy     : 0.9637
Valid Loss     : 0.8305	 | 	Valid Accuracy     : 0.8214

Epoch : 40
Train Loss     : 0.1254	 | 	Train Accuracy     : 0.9647
Valid Loss     : 0.8422	 | 	Valid Accuracy     : 0.8202

Evaluate on the Test set:
Test loss      :0.5960	 | Test Accuracy      : 0.8087

################## Training is Done! #########################
Training time is : 0:03:12.396244
