=============================================
Dataset: sleepEDF
Method:  TS-TCC
Mode:    supervised
=============================================
Data loaded ...
Training started ....

Epoch : 1
Train Loss     : 0.7712	 | 	Train Accuracy     : 0.7073
Valid Loss     : 2.3655	 | 	Valid Accuracy     : 0.5789

Epoch : 2
Train Loss     : 0.5504	 | 	Train Accuracy     : 0.7998
Valid Loss     : 1.4172	 | 	Valid Accuracy     : 0.6947

Epoch : 3
Train Loss     : 0.5084	 | 	Train Accuracy     : 0.8154
Valid Loss     : 1.4772	 | 	Valid Accuracy     : 0.6911

Epoch : 4
Train Loss     : 0.4818	 | 	Train Accuracy     : 0.8228
Valid Loss     : 1.3006	 | 	Valid Accuracy     : 0.7345

Epoch : 5
Train Loss     : 0.4581	 | 	Train Accuracy     : 0.8331
Valid Loss     : 0.9731	 | 	Valid Accuracy     : 0.7710

Epoch : 6
Train Loss     : 0.4462	 | 	Train Accuracy     : 0.8337
Valid Loss     : 1.0786	 | 	Valid Accuracy     : 0.7536

Epoch : 7
Train Loss     : 0.4339	 | 	Train Accuracy     : 0.8416
Valid Loss     : 0.9233	 | 	Valid Accuracy     : 0.7726

Epoch : 8
Train Loss     : 0.4072	 | 	Train Accuracy     : 0.8476
Valid Loss     : 0.8700	 | 	Valid Accuracy     : 0.7675

Epoch : 9
Train Loss     : 0.3924	 | 	Train Accuracy     : 0.8545
Valid Loss     : 0.8651	 | 	Valid Accuracy     : 0.7860

Epoch : 10
Train Loss     : 0.3853	 | 	Train Accuracy     : 0.8547
Valid Loss     : 0.9945	 | 	Valid Accuracy     : 0.7836

Epoch : 11
Train Loss     : 0.3706	 | 	Train Accuracy     : 0.8630
Valid Loss     : 0.7007	 | 	Valid Accuracy     : 0.8096

Epoch : 12
Train Loss     : 0.3444	 | 	Train Accuracy     : 0.8713
Valid Loss     : 0.9423	 | 	Valid Accuracy     : 0.7917

Epoch : 13
Train Loss     : 0.3388	 | 	Train Accuracy     : 0.8735
Valid Loss     : 1.1955	 | 	Valid Accuracy     : 0.7106

Epoch : 14
Train Loss     : 0.3237	 | 	Train Accuracy     : 0.8773
Valid Loss     : 0.9597	 | 	Valid Accuracy     : 0.7812

Epoch : 15
Train Loss     : 0.3020	 | 	Train Accuracy     : 0.8879
Valid Loss     : 0.8201	 | 	Valid Accuracy     : 0.8022

Epoch : 16
Train Loss     : 0.2964	 | 	Train Accuracy     : 0.8881
Valid Loss     : 0.9395	 | 	Valid Accuracy     : 0.7681

Epoch : 17
Train Loss     : 0.2692	 | 	Train Accuracy     : 0.8975
Valid Loss     : 1.0226	 | 	Valid Accuracy     : 0.7765

Epoch : 18
Train Loss     : 0.2576	 | 	Train Accuracy     : 0.9059
Valid Loss     : 0.8754	 | 	Valid Accuracy     : 0.8223

Epoch : 19
Train Loss     : 0.2413	 | 	Train Accuracy     : 0.9095
Valid Loss     : 0.8427	 | 	Valid Accuracy     : 0.8062

Epoch : 20
Train Loss     : 0.2510	 | 	Train Accuracy     : 0.9064
Valid Loss     : 1.0059	 | 	Valid Accuracy     : 0.7574

Epoch : 21
Train Loss     : 0.2193	 | 	Train Accuracy     : 0.9190
Valid Loss     : 0.8957	 | 	Valid Accuracy     : 0.8244

Epoch : 22
Train Loss     : 0.2177	 | 	Train Accuracy     : 0.9207
Valid Loss     : 0.8938	 | 	Valid Accuracy     : 0.8161

Epoch : 23
Train Loss     : 0.1609	 | 	Train Accuracy     : 0.9464
Valid Loss     : 0.8845	 | 	Valid Accuracy     : 0.8239

Epoch : 24
Train Loss     : 0.1542	 | 	Train Accuracy     : 0.9497
Valid Loss     : 0.8798	 | 	Valid Accuracy     : 0.8230

Epoch : 25
Train Loss     : 0.1484	 | 	Train Accuracy     : 0.9542
Valid Loss     : 0.9011	 | 	Valid Accuracy     : 0.8198

Epoch : 26
Train Loss     : 0.1437	 | 	Train Accuracy     : 0.9550
Valid Loss     : 0.9027	 | 	Valid Accuracy     : 0.8208

Epoch : 27
Train Loss     : 0.1402	 | 	Train Accuracy     : 0.9580
Valid Loss     : 0.8701	 | 	Valid Accuracy     : 0.8254

Epoch : 28
Train Loss     : 0.1407	 | 	Train Accuracy     : 0.9582
Valid Loss     : 0.8437	 | 	Valid Accuracy     : 0.8187

Epoch : 29
Train Loss     : 0.1390	 | 	Train Accuracy     : 0.9586
Valid Loss     : 0.8605	 | 	Valid Accuracy     : 0.8201

Epoch : 30
Train Loss     : 0.1384	 | 	Train Accuracy     : 0.9572
Valid Loss     : 0.8567	 | 	Valid Accuracy     : 0.8194

Epoch : 31
Train Loss     : 0.1363	 | 	Train Accuracy     : 0.9593
Valid Loss     : 0.8398	 | 	Valid Accuracy     : 0.8187

Epoch : 32
Train Loss     : 0.1343	 | 	Train Accuracy     : 0.9610
Valid Loss     : 0.8804	 | 	Valid Accuracy     : 0.8172

Epoch : 33
Train Loss     : 0.1308	 | 	Train Accuracy     : 0.9620
Valid Loss     : 0.8537	 | 	Valid Accuracy     : 0.8208

Epoch : 34
Train Loss     : 0.1244	 | 	Train Accuracy     : 0.9657
Valid Loss     : 0.8571	 | 	Valid Accuracy     : 0.8199

Epoch : 35
Train Loss     : 0.1255	 | 	Train Accuracy     : 0.9642
Valid Loss     : 0.8707	 | 	Valid Accuracy     : 0.8211

Epoch : 36
Train Loss     : 0.1255	 | 	Train Accuracy     : 0.9657
Valid Loss     : 0.8404	 | 	Valid Accuracy     : 0.8218

Epoch : 37
Train Loss     : 0.1249	 | 	Train Accuracy     : 0.9637
Valid Loss     : 0.8507	 | 	Valid Accuracy     : 0.8199

Epoch : 38
Train Loss     : 0.1223	 | 	Train Accuracy     : 0.9665
Valid Loss     : 0.8446	 | 	Valid Accuracy     : 0.8214

Epoch : 39
Train Loss     : 0.1257	 | 	Train Accuracy     : 0.9632
Valid Loss     : 0.8484	 | 	Valid Accuracy     : 0.8216

Epoch : 40
Train Loss     : 0.1252	 | 	Train Accuracy     : 0.9647
Valid Loss     : 0.8602	 | 	Valid Accuracy     : 0.8194

Evaluate on the Test set:
Test loss      :0.5926	 | Test Accuracy      : 0.8092

################## Training is Done! #########################
Training time is : 0:03:26.438730
