=============================================
Dataset: sleepEDF
Method:  TS-TCC
Mode:    supervised
Activate:   GELU
=============================================
Data loaded ...
Training started ....

Epoch : 1
Train Loss     : 0.7372	 | 	Train Accuracy     : 0.7183
Valid Loss     : 1.4666	 | 	Valid Accuracy     : 0.5955
Test loss      : 1.1734	 | 	Test Accuracy      : 0.5977

Epoch : 2
Train Loss     : 0.5179	 | 	Train Accuracy     : 0.8079
Valid Loss     : 1.1687	 | 	Valid Accuracy     : 0.7282
Test loss      : 0.7398	 | 	Test Accuracy      : 0.7605

Epoch : 3
Train Loss     : 0.4709	 | 	Train Accuracy     : 0.8274
Valid Loss     : 0.7374	 | 	Valid Accuracy     : 0.7809
Test loss      : 0.6372	 | 	Test Accuracy      : 0.7773

Epoch : 4
Train Loss     : 0.4447	 | 	Train Accuracy     : 0.8358
Valid Loss     : 0.9538	 | 	Valid Accuracy     : 0.7516
Test loss      : 0.6258	 | 	Test Accuracy      : 0.7747

Epoch : 5
Train Loss     : 0.4272	 | 	Train Accuracy     : 0.8421
Valid Loss     : 0.7114	 | 	Valid Accuracy     : 0.7728
Test loss      : 0.5240	 | 	Test Accuracy      : 0.8083

Epoch : 6
Train Loss     : 0.4124	 | 	Train Accuracy     : 0.8447
Valid Loss     : 0.8754	 | 	Valid Accuracy     : 0.7495
Test loss      : 0.6367	 | 	Test Accuracy      : 0.7785

Epoch : 7
Train Loss     : 0.3854	 | 	Train Accuracy     : 0.8579
Valid Loss     : 0.7619	 | 	Valid Accuracy     : 0.7902
Test loss      : 0.6118	 | 	Test Accuracy      : 0.7846

Epoch : 8
Train Loss     : 0.3786	 | 	Train Accuracy     : 0.8588
Valid Loss     : 0.8914	 | 	Valid Accuracy     : 0.7944
Test loss      : 0.5333	 | 	Test Accuracy      : 0.8012

Epoch : 9
Train Loss     : 0.3512	 | 	Train Accuracy     : 0.8692
Valid Loss     : 0.8244	 | 	Valid Accuracy     : 0.7806
Test loss      : 0.6116	 | 	Test Accuracy      : 0.7916

Epoch : 10
Train Loss     : 0.3365	 | 	Train Accuracy     : 0.8732
Valid Loss     : 1.1249	 | 	Valid Accuracy     : 0.7173
Test loss      : 0.7033	 | 	Test Accuracy      : 0.7491

Epoch : 11
Train Loss     : 0.3262	 | 	Train Accuracy     : 0.8780
Valid Loss     : 0.9248	 | 	Valid Accuracy     : 0.7878
Test loss      : 0.5549	 | 	Test Accuracy      : 0.8044

Epoch : 12
Train Loss     : 0.2981	 | 	Train Accuracy     : 0.8890
Valid Loss     : 0.8772	 | 	Valid Accuracy     : 0.8202
Test loss      : 0.5378	 | 	Test Accuracy      : 0.8168

Epoch : 13
Train Loss     : 0.2834	 | 	Train Accuracy     : 0.8948
Valid Loss     : 0.9898	 | 	Valid Accuracy     : 0.7992
Test loss      : 0.5535	 | 	Test Accuracy      : 0.8099

Epoch : 14
Train Loss     : 0.2715	 | 	Train Accuracy     : 0.8964
Valid Loss     : 0.9305	 | 	Valid Accuracy     : 0.8278
Test loss      : 0.5761	 | 	Test Accuracy      : 0.8103

Epoch : 15
Train Loss     : 0.2593	 | 	Train Accuracy     : 0.9042
Valid Loss     : 0.9502	 | 	Valid Accuracy     : 0.7879
Test loss      : 0.5860	 | 	Test Accuracy      : 0.7963

Epoch : 16
Train Loss     : 0.2403	 | 	Train Accuracy     : 0.9100
Valid Loss     : 0.9170	 | 	Valid Accuracy     : 0.8115
Test loss      : 0.6124	 | 	Test Accuracy      : 0.8050

Epoch : 17
Train Loss     : 0.1872	 | 	Train Accuracy     : 0.9356
Valid Loss     : 0.9314	 | 	Valid Accuracy     : 0.8129
Test loss      : 0.5497	 | 	Test Accuracy      : 0.8160

Epoch : 18
Train Loss     : 0.1803	 | 	Train Accuracy     : 0.9389
Valid Loss     : 0.9269	 | 	Valid Accuracy     : 0.8121
Test loss      : 0.5622	 | 	Test Accuracy      : 0.8100

Epoch : 19
Train Loss     : 0.1749	 | 	Train Accuracy     : 0.9420
Valid Loss     : 0.9423	 | 	Valid Accuracy     : 0.8077
Test loss      : 0.5666	 | 	Test Accuracy      : 0.8079

Epoch : 20
Train Loss     : 0.1715	 | 	Train Accuracy     : 0.9440
Valid Loss     : 0.8984	 | 	Valid Accuracy     : 0.8160
Test loss      : 0.5748	 | 	Test Accuracy      : 0.8099

Epoch : 21
Train Loss     : 0.1686	 | 	Train Accuracy     : 0.9455
Valid Loss     : 0.9396	 | 	Valid Accuracy     : 0.8100
Test loss      : 0.5626	 | 	Test Accuracy      : 0.8100

Epoch : 22
Train Loss     : 0.1662	 | 	Train Accuracy     : 0.9456
Valid Loss     : 0.9456	 | 	Valid Accuracy     : 0.8104
Test loss      : 0.5635	 | 	Test Accuracy      : 0.8124

Epoch : 23
Train Loss     : 0.1628	 | 	Train Accuracy     : 0.9473
Valid Loss     : 0.9430	 | 	Valid Accuracy     : 0.8027
Test loss      : 0.5581	 | 	Test Accuracy      : 0.8115

Epoch : 24
Train Loss     : 0.1599	 | 	Train Accuracy     : 0.9491
Valid Loss     : 0.9268	 | 	Valid Accuracy     : 0.8137
Test loss      : 0.5637	 | 	Test Accuracy      : 0.8115

Epoch : 25
Train Loss     : 0.1604	 | 	Train Accuracy     : 0.9490
Valid Loss     : 0.9203	 | 	Valid Accuracy     : 0.8146
Test loss      : 0.5597	 | 	Test Accuracy      : 0.8152

Epoch : 26
Train Loss     : 0.1554	 | 	Train Accuracy     : 0.9508
Valid Loss     : 0.9107	 | 	Valid Accuracy     : 0.8168
Test loss      : 0.5708	 | 	Test Accuracy      : 0.8102

Epoch : 27
Train Loss     : 0.1530	 | 	Train Accuracy     : 0.9517
Valid Loss     : 0.9459	 | 	Valid Accuracy     : 0.8080
Test loss      : 0.5881	 | 	Test Accuracy      : 0.8087

Epoch : 28
Train Loss     : 0.1477	 | 	Train Accuracy     : 0.9528
Valid Loss     : 0.9233	 | 	Valid Accuracy     : 0.8141
Test loss      : 0.5713	 | 	Test Accuracy      : 0.8126

Epoch : 29
Train Loss     : 0.1460	 | 	Train Accuracy     : 0.9557
Valid Loss     : 0.9309	 | 	Valid Accuracy     : 0.8147
Test loss      : 0.5745	 | 	Test Accuracy      : 0.8121

Epoch : 30
Train Loss     : 0.1472	 | 	Train Accuracy     : 0.9545
Valid Loss     : 0.9087	 | 	Valid Accuracy     : 0.8165
Test loss      : 0.5732	 | 	Test Accuracy      : 0.8109

Epoch : 31
Train Loss     : 0.1448	 | 	Train Accuracy     : 0.9546
Valid Loss     : 0.9312	 | 	Valid Accuracy     : 0.8135
Test loss      : 0.5693	 | 	Test Accuracy      : 0.8112

Epoch : 32
Train Loss     : 0.1450	 | 	Train Accuracy     : 0.9557
Valid Loss     : 0.9118	 | 	Valid Accuracy     : 0.8155
Test loss      : 0.5709	 | 	Test Accuracy      : 0.8116

Epoch : 33
Train Loss     : 0.1463	 | 	Train Accuracy     : 0.9546
Valid Loss     : 0.9204	 | 	Valid Accuracy     : 0.8160
Test loss      : 0.5705	 | 	Test Accuracy      : 0.8142

Epoch : 34
Train Loss     : 0.1446	 | 	Train Accuracy     : 0.9560
Valid Loss     : 0.9262	 | 	Valid Accuracy     : 0.8149
Test loss      : 0.5717	 | 	Test Accuracy      : 0.8125

Epoch : 35
Train Loss     : 0.1437	 | 	Train Accuracy     : 0.9557
Valid Loss     : 0.9049	 | 	Valid Accuracy     : 0.8167
Test loss      : 0.5751	 | 	Test Accuracy      : 0.8102

Epoch : 36
Train Loss     : 0.1445	 | 	Train Accuracy     : 0.9558
Valid Loss     : 0.9129	 | 	Valid Accuracy     : 0.8172
Test loss      : 0.5733	 | 	Test Accuracy      : 0.8121

Epoch : 37
Train Loss     : 0.1452	 | 	Train Accuracy     : 0.9559
Valid Loss     : 0.9350	 | 	Valid Accuracy     : 0.8137
Test loss      : 0.5759	 | 	Test Accuracy      : 0.8122

Epoch : 38
Train Loss     : 0.1450	 | 	Train Accuracy     : 0.9552
Valid Loss     : 0.9324	 | 	Valid Accuracy     : 0.8120
Test loss      : 0.5708	 | 	Test Accuracy      : 0.8102

Epoch : 39
Train Loss     : 0.1431	 | 	Train Accuracy     : 0.9559
Valid Loss     : 0.9253	 | 	Valid Accuracy     : 0.8129
Test loss      : 0.5664	 | 	Test Accuracy      : 0.8145

Epoch : 40
Train Loss     : 0.1411	 | 	Train Accuracy     : 0.9573
Valid Loss     : 0.9130	 | 	Valid Accuracy     : 0.8172
Test loss      : 0.5706	 | 	Test Accuracy      : 0.8126

Evaluate on the Test set:
Test loss      :0.5706	 | Test Accuracy      : 0.8126

################## Training is Done! #########################
Training time is : 0:04:14.182124
