=============================================
Dataset: sleepEDF
Method:  TS-TCC
Mode:    supervised
Activate:   GELU
=============================================
Data loaded ...
Training started ....

Epoch : 1
Train Loss     : 0.7372	 | 	Train Accuracy     : 0.7183
Valid Loss     : 1.4648	 | 	Valid Accuracy     : 0.5954
Test loss      : 1.1736	 | 	Test Accuracy      : 0.5973

Epoch : 2
Train Loss     : 0.5179	 | 	Train Accuracy     : 0.8079
Valid Loss     : 1.1689	 | 	Valid Accuracy     : 0.7284
Test loss      : 0.7389	 | 	Test Accuracy      : 0.7608

Epoch : 3
Train Loss     : 0.4709	 | 	Train Accuracy     : 0.8275
Valid Loss     : 0.7352	 | 	Valid Accuracy     : 0.7815
Test loss      : 0.6375	 | 	Test Accuracy      : 0.7769

Epoch : 4
Train Loss     : 0.4447	 | 	Train Accuracy     : 0.8357
Valid Loss     : 0.9532	 | 	Valid Accuracy     : 0.7514
Test loss      : 0.6266	 | 	Test Accuracy      : 0.7749

Epoch : 5
Train Loss     : 0.4272	 | 	Train Accuracy     : 0.8421
Valid Loss     : 0.7072	 | 	Valid Accuracy     : 0.7738
Test loss      : 0.5245	 | 	Test Accuracy      : 0.8082

Epoch : 6
Train Loss     : 0.4124	 | 	Train Accuracy     : 0.8448
Valid Loss     : 0.8693	 | 	Valid Accuracy     : 0.7499
Test loss      : 0.6370	 | 	Test Accuracy      : 0.7782

Epoch : 7
Train Loss     : 0.3854	 | 	Train Accuracy     : 0.8576
Valid Loss     : 0.7588	 | 	Valid Accuracy     : 0.7889
Test loss      : 0.6135	 | 	Test Accuracy      : 0.7849

Epoch : 8
Train Loss     : 0.3786	 | 	Train Accuracy     : 0.8590
Valid Loss     : 0.8899	 | 	Valid Accuracy     : 0.7933
Test loss      : 0.5328	 | 	Test Accuracy      : 0.8022

Epoch : 9
Train Loss     : 0.3511	 | 	Train Accuracy     : 0.8694
Valid Loss     : 0.8222	 | 	Valid Accuracy     : 0.7803
Test loss      : 0.6100	 | 	Test Accuracy      : 0.7929

Epoch : 10
Train Loss     : 0.3365	 | 	Train Accuracy     : 0.8727
Valid Loss     : 1.1231	 | 	Valid Accuracy     : 0.7183
Test loss      : 0.6980	 | 	Test Accuracy      : 0.7523

Epoch : 11
Train Loss     : 0.3262	 | 	Train Accuracy     : 0.8770
Valid Loss     : 0.9174	 | 	Valid Accuracy     : 0.7878
Test loss      : 0.5561	 | 	Test Accuracy      : 0.8035

Epoch : 12
Train Loss     : 0.2983	 | 	Train Accuracy     : 0.8890
Valid Loss     : 0.8698	 | 	Valid Accuracy     : 0.8196
Test loss      : 0.5384	 | 	Test Accuracy      : 0.8164

Epoch : 13
Train Loss     : 0.2832	 | 	Train Accuracy     : 0.8947
Valid Loss     : 0.9912	 | 	Valid Accuracy     : 0.7991
Test loss      : 0.5534	 | 	Test Accuracy      : 0.8103

Epoch : 14
Train Loss     : 0.2714	 | 	Train Accuracy     : 0.8963
Valid Loss     : 0.9329	 | 	Valid Accuracy     : 0.8264
Test loss      : 0.5785	 | 	Test Accuracy      : 0.8096

Epoch : 15
Train Loss     : 0.2597	 | 	Train Accuracy     : 0.9037
Valid Loss     : 0.9440	 | 	Valid Accuracy     : 0.7898
Test loss      : 0.5828	 | 	Test Accuracy      : 0.7975

Epoch : 16
Train Loss     : 0.2400	 | 	Train Accuracy     : 0.9101
Valid Loss     : 0.9200	 | 	Valid Accuracy     : 0.8094
Test loss      : 0.6150	 | 	Test Accuracy      : 0.8048

Epoch : 17
Train Loss     : 0.1873	 | 	Train Accuracy     : 0.9355
Valid Loss     : 0.9342	 | 	Valid Accuracy     : 0.8109
Test loss      : 0.5498	 | 	Test Accuracy      : 0.8155

Epoch : 18
Train Loss     : 0.1802	 | 	Train Accuracy     : 0.9391
Valid Loss     : 0.9294	 | 	Valid Accuracy     : 0.8120
Test loss      : 0.5623	 | 	Test Accuracy      : 0.8112

Epoch : 19
Train Loss     : 0.1749	 | 	Train Accuracy     : 0.9421
Valid Loss     : 0.9451	 | 	Valid Accuracy     : 0.8083
Test loss      : 0.5665	 | 	Test Accuracy      : 0.8086

Epoch : 20
Train Loss     : 0.1716	 | 	Train Accuracy     : 0.9443
Valid Loss     : 0.9013	 | 	Valid Accuracy     : 0.8167
Test loss      : 0.5752	 | 	Test Accuracy      : 0.8103

Epoch : 21
Train Loss     : 0.1688	 | 	Train Accuracy     : 0.9449
Valid Loss     : 0.9413	 | 	Valid Accuracy     : 0.8095
Test loss      : 0.5625	 | 	Test Accuracy      : 0.8100

Epoch : 22
Train Loss     : 0.1661	 | 	Train Accuracy     : 0.9456
Valid Loss     : 0.9479	 | 	Valid Accuracy     : 0.8085
Test loss      : 0.5636	 | 	Test Accuracy      : 0.8126

Epoch : 23
Train Loss     : 0.1628	 | 	Train Accuracy     : 0.9471
Valid Loss     : 0.9464	 | 	Valid Accuracy     : 0.8015
Test loss      : 0.5581	 | 	Test Accuracy      : 0.8126

Epoch : 24
Train Loss     : 0.1598	 | 	Train Accuracy     : 0.9495
Valid Loss     : 0.9299	 | 	Valid Accuracy     : 0.8140
Test loss      : 0.5637	 | 	Test Accuracy      : 0.8116

Epoch : 25
Train Loss     : 0.1605	 | 	Train Accuracy     : 0.9489
Valid Loss     : 0.9226	 | 	Valid Accuracy     : 0.8141
Test loss      : 0.5599	 | 	Test Accuracy      : 0.8166

Epoch : 26
Train Loss     : 0.1555	 | 	Train Accuracy     : 0.9503
Valid Loss     : 0.9126	 | 	Valid Accuracy     : 0.8167
Test loss      : 0.5710	 | 	Test Accuracy      : 0.8111

Epoch : 27
Train Loss     : 0.1530	 | 	Train Accuracy     : 0.9514
Valid Loss     : 0.9480	 | 	Valid Accuracy     : 0.8070
Test loss      : 0.5885	 | 	Test Accuracy      : 0.8076

Epoch : 28
Train Loss     : 0.1478	 | 	Train Accuracy     : 0.9532
Valid Loss     : 0.9264	 | 	Valid Accuracy     : 0.8154
Test loss      : 0.5715	 | 	Test Accuracy      : 0.8131

Epoch : 29
Train Loss     : 0.1462	 | 	Train Accuracy     : 0.9558
Valid Loss     : 0.9336	 | 	Valid Accuracy     : 0.8149
Test loss      : 0.5746	 | 	Test Accuracy      : 0.8126

Epoch : 30
Train Loss     : 0.1473	 | 	Train Accuracy     : 0.9542
Valid Loss     : 0.9117	 | 	Valid Accuracy     : 0.8177
Test loss      : 0.5734	 | 	Test Accuracy      : 0.8111

Epoch : 31
Train Loss     : 0.1448	 | 	Train Accuracy     : 0.9547
Valid Loss     : 0.9344	 | 	Valid Accuracy     : 0.8140
Test loss      : 0.5697	 | 	Test Accuracy      : 0.8124

Epoch : 32
Train Loss     : 0.1450	 | 	Train Accuracy     : 0.9560
Valid Loss     : 0.9151	 | 	Valid Accuracy     : 0.8152
Test loss      : 0.5711	 | 	Test Accuracy      : 0.8121

Epoch : 33
Train Loss     : 0.1463	 | 	Train Accuracy     : 0.9541
Valid Loss     : 0.9235	 | 	Valid Accuracy     : 0.8162
Test loss      : 0.5707	 | 	Test Accuracy      : 0.8144

Epoch : 34
Train Loss     : 0.1445	 | 	Train Accuracy     : 0.9559
Valid Loss     : 0.9292	 | 	Valid Accuracy     : 0.8150
Test loss      : 0.5719	 | 	Test Accuracy      : 0.8121

Epoch : 35
Train Loss     : 0.1438	 | 	Train Accuracy     : 0.9557
Valid Loss     : 0.9079	 | 	Valid Accuracy     : 0.8165
Test loss      : 0.5752	 | 	Test Accuracy      : 0.8103

Epoch : 36
Train Loss     : 0.1445	 | 	Train Accuracy     : 0.9556
Valid Loss     : 0.9159	 | 	Valid Accuracy     : 0.8172
Test loss      : 0.5734	 | 	Test Accuracy      : 0.8108

Epoch : 37
Train Loss     : 0.1452	 | 	Train Accuracy     : 0.9560
Valid Loss     : 0.9384	 | 	Valid Accuracy     : 0.8144
Test loss      : 0.5761	 | 	Test Accuracy      : 0.8129

Epoch : 38
Train Loss     : 0.1450	 | 	Train Accuracy     : 0.9551
Valid Loss     : 0.9356	 | 	Valid Accuracy     : 0.8125
Test loss      : 0.5708	 | 	Test Accuracy      : 0.8093

Epoch : 39
Train Loss     : 0.1431	 | 	Train Accuracy     : 0.9558
Valid Loss     : 0.9287	 | 	Valid Accuracy     : 0.8142
Test loss      : 0.5665	 | 	Test Accuracy      : 0.8144

Epoch : 40
Train Loss     : 0.1412	 | 	Train Accuracy     : 0.9573
Valid Loss     : 0.9165	 | 	Valid Accuracy     : 0.8180
Test loss      : 0.5707	 | 	Test Accuracy      : 0.8141

Evaluate on the Test set:
Test loss      :0.5707	 | Test Accuracy      : 0.8141

################## Training is Done! #########################
Training time is : 0:03:47.249012
