=============================================
Dataset: sleepEDF
Method:  TS-TCC
Mode:    supervised
Activate:   GELU
=============================================
Data loaded ...
Training started ....

Epoch : 1
Train Loss     : 0.7372	 | 	Train Accuracy     : 0.7183
Valid Loss     : 1.4657	 | 	Valid Accuracy     : 0.5955
Test loss      : 1.1731	 | 	Test Accuracy      : 0.5973

Epoch : 2
Train Loss     : 0.5179	 | 	Train Accuracy     : 0.8080
Valid Loss     : 1.1686	 | 	Valid Accuracy     : 0.7284
Test loss      : 0.7387	 | 	Test Accuracy      : 0.7608

Epoch : 3
Train Loss     : 0.4709	 | 	Train Accuracy     : 0.8274
Valid Loss     : 0.7360	 | 	Valid Accuracy     : 0.7819
Test loss      : 0.6372	 | 	Test Accuracy      : 0.7772

Epoch : 4
Train Loss     : 0.4447	 | 	Train Accuracy     : 0.8358
Valid Loss     : 0.9555	 | 	Valid Accuracy     : 0.7512
Test loss      : 0.6269	 | 	Test Accuracy      : 0.7749

Epoch : 5
Train Loss     : 0.4272	 | 	Train Accuracy     : 0.8421
Valid Loss     : 0.7104	 | 	Valid Accuracy     : 0.7727
Test loss      : 0.5242	 | 	Test Accuracy      : 0.8083

Epoch : 6
Train Loss     : 0.4124	 | 	Train Accuracy     : 0.8446
Valid Loss     : 0.8747	 | 	Valid Accuracy     : 0.7494
Test loss      : 0.6378	 | 	Test Accuracy      : 0.7784

Epoch : 7
Train Loss     : 0.3854	 | 	Train Accuracy     : 0.8578
Valid Loss     : 0.7633	 | 	Valid Accuracy     : 0.7886
Test loss      : 0.6143	 | 	Test Accuracy      : 0.7846

Epoch : 8
Train Loss     : 0.3786	 | 	Train Accuracy     : 0.8588
Valid Loss     : 0.8925	 | 	Valid Accuracy     : 0.7937
Test loss      : 0.5332	 | 	Test Accuracy      : 0.8016

Epoch : 9
Train Loss     : 0.3510	 | 	Train Accuracy     : 0.8691
Valid Loss     : 0.8264	 | 	Valid Accuracy     : 0.7806
Test loss      : 0.6105	 | 	Test Accuracy      : 0.7921

Epoch : 10
Train Loss     : 0.3366	 | 	Train Accuracy     : 0.8730
Valid Loss     : 1.1298	 | 	Valid Accuracy     : 0.7179
Test loss      : 0.7006	 | 	Test Accuracy      : 0.7503

Epoch : 11
Train Loss     : 0.3264	 | 	Train Accuracy     : 0.8776
Valid Loss     : 0.9246	 | 	Valid Accuracy     : 0.7886
Test loss      : 0.5540	 | 	Test Accuracy      : 0.8044

Epoch : 12
Train Loss     : 0.2982	 | 	Train Accuracy     : 0.8888
Valid Loss     : 0.8789	 | 	Valid Accuracy     : 0.8191
Test loss      : 0.5384	 | 	Test Accuracy      : 0.8168

Epoch : 13
Train Loss     : 0.2835	 | 	Train Accuracy     : 0.8950
Valid Loss     : 0.9962	 | 	Valid Accuracy     : 0.7982
Test loss      : 0.5550	 | 	Test Accuracy      : 0.8082

Epoch : 14
Train Loss     : 0.2713	 | 	Train Accuracy     : 0.8967
Valid Loss     : 0.9346	 | 	Valid Accuracy     : 0.8271
Test loss      : 0.5765	 | 	Test Accuracy      : 0.8108

Epoch : 15
Train Loss     : 0.2597	 | 	Train Accuracy     : 0.9036
Valid Loss     : 0.9541	 | 	Valid Accuracy     : 0.7878
Test loss      : 0.5874	 | 	Test Accuracy      : 0.7969

Epoch : 16
Train Loss     : 0.2402	 | 	Train Accuracy     : 0.9100
Valid Loss     : 0.9208	 | 	Valid Accuracy     : 0.8106
Test loss      : 0.6154	 | 	Test Accuracy      : 0.8048

Epoch : 17
Train Loss     : 0.1874	 | 	Train Accuracy     : 0.9357
Valid Loss     : 0.9367	 | 	Valid Accuracy     : 0.8094
Test loss      : 0.5495	 | 	Test Accuracy      : 0.8147

Epoch : 18
Train Loss     : 0.1803	 | 	Train Accuracy     : 0.9390
Valid Loss     : 0.9319	 | 	Valid Accuracy     : 0.8108
Test loss      : 0.5618	 | 	Test Accuracy      : 0.8105

Epoch : 19
Train Loss     : 0.1751	 | 	Train Accuracy     : 0.9422
Valid Loss     : 0.9481	 | 	Valid Accuracy     : 0.8062
Test loss      : 0.5665	 | 	Test Accuracy      : 0.8086

Epoch : 20
Train Loss     : 0.1716	 | 	Train Accuracy     : 0.9443
Valid Loss     : 0.9032	 | 	Valid Accuracy     : 0.8154
Test loss      : 0.5745	 | 	Test Accuracy      : 0.8108

Epoch : 21
Train Loss     : 0.1688	 | 	Train Accuracy     : 0.9454
Valid Loss     : 0.9430	 | 	Valid Accuracy     : 0.8085
Test loss      : 0.5623	 | 	Test Accuracy      : 0.8106

Epoch : 22
Train Loss     : 0.1662	 | 	Train Accuracy     : 0.9456
Valid Loss     : 0.9487	 | 	Valid Accuracy     : 0.8089
Test loss      : 0.5634	 | 	Test Accuracy      : 0.8122

Epoch : 23
Train Loss     : 0.1628	 | 	Train Accuracy     : 0.9469
Valid Loss     : 0.9480	 | 	Valid Accuracy     : 0.8012
Test loss      : 0.5581	 | 	Test Accuracy      : 0.8119

Epoch : 24
Train Loss     : 0.1599	 | 	Train Accuracy     : 0.9490
Valid Loss     : 0.9299	 | 	Valid Accuracy     : 0.8136
Test loss      : 0.5639	 | 	Test Accuracy      : 0.8113

Epoch : 25
Train Loss     : 0.1605	 | 	Train Accuracy     : 0.9487
Valid Loss     : 0.9238	 | 	Valid Accuracy     : 0.8142
Test loss      : 0.5599	 | 	Test Accuracy      : 0.8164

Epoch : 26
Train Loss     : 0.1556	 | 	Train Accuracy     : 0.9506
Valid Loss     : 0.9123	 | 	Valid Accuracy     : 0.8167
Test loss      : 0.5714	 | 	Test Accuracy      : 0.8111

Epoch : 27
Train Loss     : 0.1530	 | 	Train Accuracy     : 0.9517
Valid Loss     : 0.9483	 | 	Valid Accuracy     : 0.8067
Test loss      : 0.5883	 | 	Test Accuracy      : 0.8083

Epoch : 28
Train Loss     : 0.1478	 | 	Train Accuracy     : 0.9531
Valid Loss     : 0.9265	 | 	Valid Accuracy     : 0.8162
Test loss      : 0.5715	 | 	Test Accuracy      : 0.8128

Epoch : 29
Train Loss     : 0.1461	 | 	Train Accuracy     : 0.9551
Valid Loss     : 0.9340	 | 	Valid Accuracy     : 0.8156
Test loss      : 0.5748	 | 	Test Accuracy      : 0.8124

Epoch : 30
Train Loss     : 0.1473	 | 	Train Accuracy     : 0.9544
Valid Loss     : 0.9117	 | 	Valid Accuracy     : 0.8170
Test loss      : 0.5735	 | 	Test Accuracy      : 0.8102

Epoch : 31
Train Loss     : 0.1449	 | 	Train Accuracy     : 0.9547
Valid Loss     : 0.9345	 | 	Valid Accuracy     : 0.8142
Test loss      : 0.5697	 | 	Test Accuracy      : 0.8112

Epoch : 32
Train Loss     : 0.1450	 | 	Train Accuracy     : 0.9560
Valid Loss     : 0.9149	 | 	Valid Accuracy     : 0.8165
Test loss      : 0.5712	 | 	Test Accuracy      : 0.8134

Epoch : 33
Train Loss     : 0.1464	 | 	Train Accuracy     : 0.9544
Valid Loss     : 0.9233	 | 	Valid Accuracy     : 0.8168
Test loss      : 0.5708	 | 	Test Accuracy      : 0.8144

Epoch : 34
Train Loss     : 0.1446	 | 	Train Accuracy     : 0.9561
Valid Loss     : 0.9291	 | 	Valid Accuracy     : 0.8158
Test loss      : 0.5720	 | 	Test Accuracy      : 0.8125

Epoch : 35
Train Loss     : 0.1437	 | 	Train Accuracy     : 0.9558
Valid Loss     : 0.9079	 | 	Valid Accuracy     : 0.8170
Test loss      : 0.5754	 | 	Test Accuracy      : 0.8116

Epoch : 36
Train Loss     : 0.1446	 | 	Train Accuracy     : 0.9554
Valid Loss     : 0.9160	 | 	Valid Accuracy     : 0.8173
Test loss      : 0.5735	 | 	Test Accuracy      : 0.8116

Epoch : 37
Train Loss     : 0.1451	 | 	Train Accuracy     : 0.9558
Valid Loss     : 0.9383	 | 	Valid Accuracy     : 0.8147
Test loss      : 0.5760	 | 	Test Accuracy      : 0.8125

Epoch : 38
Train Loss     : 0.1451	 | 	Train Accuracy     : 0.9555
Valid Loss     : 0.9355	 | 	Valid Accuracy     : 0.8123
Test loss      : 0.5709	 | 	Test Accuracy      : 0.8099

Epoch : 39
Train Loss     : 0.1432	 | 	Train Accuracy     : 0.9558
Valid Loss     : 0.9287	 | 	Valid Accuracy     : 0.8141
Test loss      : 0.5666	 | 	Test Accuracy      : 0.8135

Epoch : 40
Train Loss     : 0.1412	 | 	Train Accuracy     : 0.9576
Valid Loss     : 0.9165	 | 	Valid Accuracy     : 0.8178
Test loss      : 0.5708	 | 	Test Accuracy      : 0.8131

Evaluate on the Test set:
Test loss      :0.5708	 | Test Accuracy      : 0.8131

################## Training is Done! #########################
Training time is : 0:03:25.827254
